2023-07-08 23:25:39,716 ERROR [HIPPODROME] [main]  Horses list is null
2023-07-08 23:25:39,721 ERROR [HIPPODROME] [main]  Horses list is empty
2023-07-08 23:25:40,253 DEBUG [HIPPODROME] [main]  Создание Hippodrome , лошадей : 50
2023-07-08 23:25:40,325 DEBUG [Horse] [main] Создание Horse , имя Monika ,скорость 1.0
2023-07-08 23:25:40,325 DEBUG [Horse] [main] Создание Horse , имя Monika ,скорость 1.0
2023-07-08 23:25:40,326 DEBUG [HIPPODROME] [main]  Создание Hippodrome , лошадей : 2
2023-07-08 23:25:40,329 DEBUG [Horse] [main] Создание Horse , имя Horse ,скорость 1.0
2023-07-08 23:25:40,329 DEBUG [Horse] [main] Создание Horse , имя Horse ,скорость 1.0
2023-07-08 23:25:40,329 DEBUG [Horse] [main] Создание Horse , имя Horse ,скорость 1.0
2023-07-08 23:25:40,329 DEBUG [Horse] [main] Создание Horse , имя Horse ,скорость 1.0
2023-07-08 23:25:40,329 DEBUG [Horse] [main] Создание Horse , имя Horse ,скорость 1.0
2023-07-08 23:25:40,330 DEBUG [Horse] [main] Создание Horse , имя Horse ,скорость 1.0
2023-07-08 23:25:40,330 DEBUG [Horse] [main] Создание Horse , имя Horse ,скорость 1.0
2023-07-08 23:25:40,330 DEBUG [Horse] [main] Создание Horse , имя Horse ,скорость 1.0
2023-07-08 23:25:40,330 DEBUG [Horse] [main] Создание Horse , имя Horse ,скорость 1.0
2023-07-08 23:25:40,330 DEBUG [Horse] [main] Создание Horse , имя Horse ,скорость 1.0
2023-07-08 23:25:40,330 DEBUG [Horse] [main] Создание Horse , имя Horse ,скорость 1.0
2023-07-08 23:25:40,330 DEBUG [Horse] [main] Создание Horse , имя Horse ,скорость 1.0
2023-07-08 23:25:40,330 DEBUG [Horse] [main] Создание Horse , имя Horse ,скорость 1.0
2023-07-08 23:25:40,330 DEBUG [Horse] [main] Создание Horse , имя Horse ,скорость 1.0
2023-07-08 23:25:40,330 DEBUG [Horse] [main] Создание Horse , имя Horse ,скорость 1.0
2023-07-08 23:25:40,331 DEBUG [Horse] [main] Создание Horse , имя Horse ,скорость 1.0
2023-07-08 23:25:40,331 DEBUG [Horse] [main] Создание Horse , имя Horse ,скорость 1.0
2023-07-08 23:25:40,331 DEBUG [Horse] [main] Создание Horse , имя Horse ,скорость 1.0
2023-07-08 23:25:40,331 DEBUG [Horse] [main] Создание Horse , имя Horse ,скорость 1.0
2023-07-08 23:25:40,331 DEBUG [Horse] [main] Создание Horse , имя Horse ,скорость 1.0
2023-07-08 23:25:40,331 DEBUG [Horse] [main] Создание Horse , имя Horse ,скорость 1.0
2023-07-08 23:25:40,331 DEBUG [Horse] [main] Создание Horse , имя Horse ,скорость 1.0
2023-07-08 23:25:40,331 DEBUG [Horse] [main] Создание Horse , имя Horse ,скорость 1.0
2023-07-08 23:25:40,331 DEBUG [Horse] [main] Создание Horse , имя Horse ,скорость 1.0
2023-07-08 23:25:40,331 DEBUG [Horse] [main] Создание Horse , имя Horse ,скорость 1.0
2023-07-08 23:25:40,332 DEBUG [Horse] [main] Создание Horse , имя Horse ,скорость 1.0
2023-07-08 23:25:40,332 DEBUG [Horse] [main] Создание Horse , имя Horse ,скорость 1.0
2023-07-08 23:25:40,332 DEBUG [Horse] [main] Создание Horse , имя Horse ,скорость 1.0
2023-07-08 23:25:40,332 DEBUG [Horse] [main] Создание Horse , имя Horse ,скорость 1.0
2023-07-08 23:25:40,332 DEBUG [Horse] [main] Создание Horse , имя Horse ,скорость 1.0
2023-07-08 23:25:40,332 DEBUG [HIPPODROME] [main]  Создание Hippodrome , лошадей : 30
2023-07-08 23:25:40,353 ERROR [Horse] [main] Name is null
2023-07-08 23:25:40,353 ERROR [Horse] [main]  Speed is negative
2023-07-08 23:25:40,354 ERROR [Horse] [main]  Distance is negative
2023-07-08 23:25:40,359 DEBUG [Horse] [main] Создание Horse , имя Jesika ,скорость 1.0
2023-07-08 23:25:40,361 DEBUG [Horse] [main] Создание Horse , имя Jesika ,скорость 1.0
2023-07-08 23:25:40,364 DEBUG [Horse] [main] Создание Horse , имя Jesika ,скорость 1.0
2023-07-08 23:25:40,367 DEBUG [Horse] [main] Создание Horse , имя Kirim ,скорость 1.0
2023-07-08 23:25:40,377 DEBUG [Horse] [main] Создание Horse , имя Jesika ,скорость 1.0
2023-07-08 23:26:31,652 ERROR [HIPPODROME] [main]  Horses list is null
2023-07-08 23:26:31,654 ERROR [HIPPODROME] [main]  Horses list is empty
2023-07-08 23:26:32,184 DEBUG [HIPPODROME] [main]  Создание Hippodrome , лошадей : 50
2023-07-08 23:26:32,255 DEBUG [Horse] [main] Создание Horse , имя Monika ,скорость 1.0
2023-07-08 23:26:32,255 DEBUG [Horse] [main] Создание Horse , имя Monika ,скорость 1.0
2023-07-08 23:26:32,256 DEBUG [HIPPODROME] [main]  Создание Hippodrome , лошадей : 2
2023-07-08 23:26:32,259 DEBUG [Horse] [main] Создание Horse , имя Horse ,скорость 1.0
2023-07-08 23:26:32,259 DEBUG [Horse] [main] Создание Horse , имя Horse ,скорость 1.0
2023-07-08 23:26:32,259 DEBUG [Horse] [main] Создание Horse , имя Horse ,скорость 1.0
2023-07-08 23:26:32,259 DEBUG [Horse] [main] Создание Horse , имя Horse ,скорость 1.0
2023-07-08 23:26:32,259 DEBUG [Horse] [main] Создание Horse , имя Horse ,скорость 1.0
2023-07-08 23:26:32,259 DEBUG [Horse] [main] Создание Horse , имя Horse ,скорость 1.0
2023-07-08 23:26:32,259 DEBUG [Horse] [main] Создание Horse , имя Horse ,скорость 1.0
2023-07-08 23:26:32,259 DEBUG [Horse] [main] Создание Horse , имя Horse ,скорость 1.0
2023-07-08 23:26:32,259 DEBUG [Horse] [main] Создание Horse , имя Horse ,скорость 1.0
2023-07-08 23:26:32,260 DEBUG [Horse] [main] Создание Horse , имя Horse ,скорость 1.0
2023-07-08 23:26:32,260 DEBUG [Horse] [main] Создание Horse , имя Horse ,скорость 1.0
2023-07-08 23:26:32,260 DEBUG [Horse] [main] Создание Horse , имя Horse ,скорость 1.0
2023-07-08 23:26:32,260 DEBUG [Horse] [main] Создание Horse , имя Horse ,скорость 1.0
2023-07-08 23:26:32,260 DEBUG [Horse] [main] Создание Horse , имя Horse ,скорость 1.0
2023-07-08 23:26:32,260 DEBUG [Horse] [main] Создание Horse , имя Horse ,скорость 1.0
2023-07-08 23:26:32,260 DEBUG [Horse] [main] Создание Horse , имя Horse ,скорость 1.0
2023-07-08 23:26:32,260 DEBUG [Horse] [main] Создание Horse , имя Horse ,скорость 1.0
2023-07-08 23:26:32,260 DEBUG [Horse] [main] Создание Horse , имя Horse ,скорость 1.0
2023-07-08 23:26:32,261 DEBUG [Horse] [main] Создание Horse , имя Horse ,скорость 1.0
2023-07-08 23:26:32,261 DEBUG [Horse] [main] Создание Horse , имя Horse ,скорость 1.0
2023-07-08 23:26:32,261 DEBUG [Horse] [main] Создание Horse , имя Horse ,скорость 1.0
2023-07-08 23:26:32,261 DEBUG [Horse] [main] Создание Horse , имя Horse ,скорость 1.0
2023-07-08 23:26:32,261 DEBUG [Horse] [main] Создание Horse , имя Horse ,скорость 1.0
2023-07-08 23:26:32,261 DEBUG [Horse] [main] Создание Horse , имя Horse ,скорость 1.0
2023-07-08 23:26:32,261 DEBUG [Horse] [main] Создание Horse , имя Horse ,скорость 1.0
2023-07-08 23:26:32,261 DEBUG [Horse] [main] Создание Horse , имя Horse ,скорость 1.0
2023-07-08 23:26:32,261 DEBUG [Horse] [main] Создание Horse , имя Horse ,скорость 1.0
2023-07-08 23:26:32,261 DEBUG [Horse] [main] Создание Horse , имя Horse ,скорость 1.0
2023-07-08 23:26:32,262 DEBUG [Horse] [main] Создание Horse , имя Horse ,скорость 1.0
2023-07-08 23:26:32,262 DEBUG [Horse] [main] Создание Horse , имя Horse ,скорость 1.0
2023-07-08 23:26:32,262 DEBUG [HIPPODROME] [main]  Создание Hippodrome , лошадей : 30
2023-07-08 23:26:32,282 ERROR [Horse] [main] Name is null
2023-07-08 23:26:32,283 ERROR [Horse] [main]  Speed is negative
2023-07-08 23:26:32,283 ERROR [Horse] [main]  Distance is negative
2023-07-08 23:26:32,288 DEBUG [Horse] [main] Создание Horse , имя Jesika ,скорость 1.0
2023-07-08 23:26:32,291 DEBUG [Horse] [main] Создание Horse , имя Jesika ,скорость 1.0
2023-07-08 23:26:32,292 DEBUG [Horse] [main] Создание Horse , имя Jesika ,скорость 1.0
2023-07-08 23:26:32,295 DEBUG [Horse] [main] Создание Horse , имя Kirim ,скорость 1.0
2023-07-08 23:26:32,333 ERROR [Horse] [main]  Name is blank
2023-07-08 23:26:32,337 ERROR [Horse] [main]  Name is blank
2023-07-08 23:26:32,338 ERROR [Horse] [main]  Name is blank
2023-07-08 23:26:32,340 ERROR [Horse] [main]  Name is blank
2023-07-08 23:26:32,341 ERROR [Horse] [main]  Name is blank
2023-07-08 23:26:32,343 ERROR [Horse] [main]  Name is blank
2023-07-08 23:26:32,344 ERROR [Horse] [main]  Name is blank
2023-07-08 23:26:32,345 DEBUG [Horse] [main] Создание Horse , имя Jesika ,скорость 1.0
2023-07-08 23:33:02,195 DEBUG [Horse] [main] Создание Horse , имя Jesika ,скорость 1.0
2023-07-08 23:33:02,323 DEBUG [Horse] [main] Создание Horse , имя H ,скорость 1.0
2023-07-08 23:33:02,327 DEBUG [Horse] [main] Создание Horse , имя oooooops ,скорость 1.0
2023-07-08 23:33:02,330 DEBUG [Horse] [main] Создание Horse , имя James Statham ,скорость 1.0
2023-07-08 23:45:06,221 DEBUG [Horse] [main] Создание Horse , имя Monika ,скорость 1.0
2023-07-08 23:45:06,223 DEBUG [Horse] [main] Создание Horse , имя Monika ,скорость 1.0
2023-07-08 23:45:06,223 DEBUG [HIPPODROME] [main]  Создание Hippodrome , лошадей : 2
